Determining if the pthread_create exist failed with the following output:
Change Dir: /home/ros/桌面/ros_ws/build/CMakeFiles/CMakeTmp

Run Build Command:"/usr/bin/make" "cmTC_1413b/fast"
/usr/bin/make -f CMakeFiles/cmTC_1413b.dir/build.make CMakeFiles/cmTC_1413b.dir/build
make[1]: 进入目录“/home/ros/桌面/ros_ws/build/CMakeFiles/CMakeTmp”
Building C object CMakeFiles/cmTC_1413b.dir/CheckSymbolExists.c.o
/usr/bin/cc    -o CMakeFiles/cmTC_1413b.dir/CheckSymbolExists.c.o   -c /home/ros/桌面/ros_ws/build/CMakeFiles/CMakeTmp/CheckSymbolExists.c
Linking C executable cmTC_1413b
/usr/bin/cmake -E cmake_link_script CMakeFiles/cmTC_1413b.dir/link.txt --verbose=1
/usr/bin/cc      -rdynamic CMakeFiles/cmTC_1413b.dir/CheckSymbolExists.c.o  -o cmTC_1413b 
CMakeFiles/cmTC_1413b.dir/CheckSymbolExists.c.o：在函数‘main’中：
CheckSymbolExists.c:(.text+0x1b)：对‘pthread_create’未定义的引用
collect2: error: ld returned 1 exit status
CMakeFiles/cmTC_1413b.dir/build.make:97: recipe for target 'cmTC_1413b' failed
make[1]: *** [cmTC_1413b] Error 1
make[1]: 离开目录“/home/ros/桌面/ros_ws/build/CMakeFiles/CMakeTmp”
Makefile:126: recipe for target 'cmTC_1413b/fast' failed
make: *** [cmTC_1413b/fast] Error 2

File /home/ros/桌面/ros_ws/build/CMakeFiles/CMakeTmp/CheckSymbolExists.c:
/* */
#include <pthread.h>

int main(int argc, char** argv)
{
  (void)argv;
#ifndef pthread_create
  return ((int*)(&pthread_create))[argc];
#else
  (void)argc;
  return 0;
#endif
}

Determining if the function pthread_create exists in the pthreads failed with the following output:
Change Dir: /home/ros/桌面/ros_ws/build/CMakeFiles/CMakeTmp

Run Build Command:"/usr/bin/make" "cmTC_91946/fast"
/usr/bin/make -f CMakeFiles/cmTC_91946.dir/build.make CMakeFiles/cmTC_91946.dir/build
make[1]: 进入目录“/home/ros/桌面/ros_ws/build/CMakeFiles/CMakeTmp”
Building C object CMakeFiles/cmTC_91946.dir/CheckFunctionExists.c.o
/usr/bin/cc   -DCHECK_FUNCTION_EXISTS=pthread_create   -o CMakeFiles/cmTC_91946.dir/CheckFunctionExists.c.o   -c /usr/share/cmake-3.10/Modules/CheckFunctionExists.c
Linking C executable cmTC_91946
/usr/bin/cmake -E cmake_link_script CMakeFiles/cmTC_91946.dir/link.txt --verbose=1
/usr/bin/cc  -DCHECK_FUNCTION_EXISTS=pthread_create    -rdynamic CMakeFiles/cmTC_91946.dir/CheckFunctionExists.c.o  -o cmTC_91946 -lpthreads 
/usr/bin/ld: 找不到 -lpthreads
collect2: error: ld returned 1 exit status
CMakeFiles/cmTC_91946.dir/build.make:97: recipe for target 'cmTC_91946' failed
make[1]: *** [cmTC_91946] Error 1
make[1]: 离开目录“/home/ros/桌面/ros_ws/build/CMakeFiles/CMakeTmp”
Makefile:126: recipe for target 'cmTC_91946/fast' failed
make: *** [cmTC_91946/fast] Error 2


